mode: set
github.com/nickfang/bookings/cmd/web/main.go:24.13,26.16 2 0
github.com/nickfang/bookings/cmd/web/main.go:26.16,28.3 1 0
github.com/nickfang/bookings/cmd/web/main.go:30.2,36.16 4 0
github.com/nickfang/bookings/cmd/web/main.go:39.18,53.16 9 1
github.com/nickfang/bookings/cmd/web/main.go:53.16,56.3 2 0
github.com/nickfang/bookings/cmd/web/main.go:57.2,64.12 7 1
github.com/nickfang/bookings/cmd/web/middleware.go:10.53,11.71 1 1
github.com/nickfang/bookings/cmd/web/middleware.go:11.71,14.3 2 0
github.com/nickfang/bookings/cmd/web/middleware.go:18.45,27.2 3 1
github.com/nickfang/bookings/cmd/web/middleware.go:30.50,32.2 1 1
github.com/nickfang/bookings/cmd/web/routes.go:12.49,39.2 20 1
